<?xml version="1.0" encoding="UTF-8"?>
<testng-results skipped="0" failed="1" total="2" passed="1">
  <reporter-output>
  </reporter-output>
  <suite name="Default suite" duration-ms="92898" started-at="2017-12-30T13:00:28Z" finished-at="2017-12-30T13:02:01Z">
    <groups>
    </groups>
    <test name="Default test" duration-ms="92898" started-at="2017-12-30T13:00:28Z" finished-at="2017-12-30T13:02:01Z">
      <class name="com.jayanthi.automation.scripts.ExtentFailTest">
        <test-method status="PASS" signature="browserLaunch()[pri:0, instance:com.jayanthi.automation.scripts.ExtentFailTest@5622fdf]" name="browserLaunch" is-config="true" duration-ms="396" started-at="2017-12-30T18:30:28Z" finished-at="2017-12-30T18:30:28Z">
          <reporter-output>
          </reporter-output>
        </test-method> <!-- browserLaunch -->
        <test-method status="PASS" signature="startTest()[pri:0, instance:com.jayanthi.automation.scripts.ExtentFailTest@5622fdf]" name="startTest" is-config="true" duration-ms="10412" started-at="2017-12-30T18:30:28Z" finished-at="2017-12-30T18:30:39Z">
          <reporter-output>
          </reporter-output>
        </test-method> <!-- startTest -->
        <test-method status="PASS" signature="fbTest()[pri:0, instance:com.jayanthi.automation.scripts.ExtentFailTest@5622fdf]" name="fbTest" duration-ms="5928" started-at="2017-12-30T18:30:39Z" finished-at="2017-12-30T18:30:45Z">
          <reporter-output>
          </reporter-output>
        </test-method> <!-- fbTest -->
        <test-method status="PASS" signature="reportswithScreenShot(org.testng.ITestResult)[pri:0, instance:com.jayanthi.automation.scripts.ExtentFailTest@5622fdf]" name="reportswithScreenShot" is-config="true" duration-ms="968" started-at="2017-12-30T18:30:45Z" finished-at="2017-12-30T18:30:46Z">
          <params>
            <param index="0">
              <value>
                <![CDATA[[TestResult name=fbTest status=SUCCESS method=ExtentFailTest.fbTest()[pri:0, instance:com.jayanthi.automation.scripts.ExtentFailTest@5622fdf] output={null}]]]>
              </value>
            </param>
          </params>
          <reporter-output>
          </reporter-output>
        </test-method> <!-- reportswithScreenShot -->
        <test-method status="PASS" signature="startTest()[pri:0, instance:com.jayanthi.automation.scripts.ExtentFailTest@5622fdf]" name="startTest" is-config="true" duration-ms="6481" started-at="2017-12-30T18:30:46Z" finished-at="2017-12-30T18:30:52Z">
          <reporter-output>
          </reporter-output>
        </test-method> <!-- startTest -->
        <test-method status="FAIL" signature="gmailTest()[pri:0, instance:com.jayanthi.automation.scripts.ExtentFailTest@5622fdf]" name="gmailTest" duration-ms="66705" started-at="2017-12-30T18:30:52Z" finished-at="2017-12-30T18:31:59Z">
          <exception class="org.openqa.selenium.NoSuchElementException">
            <message>
              <![CDATA[no such element: Unable to locate element: {"method":"xpath","selector":"//span[text()='Nex']"}
  (Session info: chrome=63.0.3239.84)
  (Driver info: chromedriver=2.33.506120 (e3e53437346286c0bc2d2dc9aa4915ba81d9023f),platform=Windows NT 10.0.15063 x86_64) (WARNING: The server did not provide any stacktrace information)
Command duration or timeout: 60.05 seconds
For documentation on this error, please visit: http://seleniumhq.org/exceptions/no_such_element.html
Build info: version: '2.53.1', revision: 'a36b8b1', time: '2016-06-30 17:32:46'
System info: host: 'LAPTOP-EKCAP48F', ip: '172.16.141.134', os.name: 'Windows 10', os.arch: 'amd64', os.version: '10.0', java.version: '1.8.0_144'
Driver info: org.openqa.selenium.chrome.ChromeDriver
Capabilities [{applicationCacheEnabled=false, rotatable=false, mobileEmulationEnabled=false, networkConnectionEnabled=false, chrome={chromedriverVersion=2.33.506120 (e3e53437346286c0bc2d2dc9aa4915ba81d9023f), userDataDir=C:\Users\jayanthi\AppData\Local\Temp\scoped_dir8896_25072}, takesHeapSnapshot=true, pageLoadStrategy=normal, databaseEnabled=false, handlesAlerts=true, hasTouchScreen=false, version=63.0.3239.84, platform=XP, browserConnectionEnabled=false, nativeEvents=true, acceptSslCerts=true, locationContextEnabled=true, webStorageEnabled=true, browserName=chrome, takesScreenshot=true, javascriptEnabled=true, cssSelectorsEnabled=true, setWindowRect=true, unexpectedAlertBehaviour=}]
Session ID: eb234d003c172f7c60a97e182dae9f99
*** Element info: {Using=xpath, value=//span[text()='Nex']}]]>
            </message>
            <full-stacktrace>
              <![CDATA[org.openqa.selenium.NoSuchElementException: no such element: Unable to locate element: {"method":"xpath","selector":"//span[text()='Nex']"}
  (Session info: chrome=63.0.3239.84)
  (Driver info: chromedriver=2.33.506120 (e3e53437346286c0bc2d2dc9aa4915ba81d9023f),platform=Windows NT 10.0.15063 x86_64) (WARNING: The server did not provide any stacktrace information)
Command duration or timeout: 60.05 seconds
For documentation on this error, please visit: http://seleniumhq.org/exceptions/no_such_element.html
Build info: version: '2.53.1', revision: 'a36b8b1', time: '2016-06-30 17:32:46'
System info: host: 'LAPTOP-EKCAP48F', ip: '172.16.141.134', os.name: 'Windows 10', os.arch: 'amd64', os.version: '10.0', java.version: '1.8.0_144'
Driver info: org.openqa.selenium.chrome.ChromeDriver
Capabilities [{applicationCacheEnabled=false, rotatable=false, mobileEmulationEnabled=false, networkConnectionEnabled=false, chrome={chromedriverVersion=2.33.506120 (e3e53437346286c0bc2d2dc9aa4915ba81d9023f), userDataDir=C:\Users\jayanthi\AppData\Local\Temp\scoped_dir8896_25072}, takesHeapSnapshot=true, pageLoadStrategy=normal, databaseEnabled=false, handlesAlerts=true, hasTouchScreen=false, version=63.0.3239.84, platform=XP, browserConnectionEnabled=false, nativeEvents=true, acceptSslCerts=true, locationContextEnabled=true, webStorageEnabled=true, browserName=chrome, takesScreenshot=true, javascriptEnabled=true, cssSelectorsEnabled=true, setWindowRect=true, unexpectedAlertBehaviour=}]
Session ID: eb234d003c172f7c60a97e182dae9f99
*** Element info: {Using=xpath, value=//span[text()='Nex']}
	at sun.reflect.NativeConstructorAccessorImpl.newInstance0(Native Method)
	at sun.reflect.NativeConstructorAccessorImpl.newInstance(Unknown Source)
	at sun.reflect.DelegatingConstructorAccessorImpl.newInstance(Unknown Source)
	at java.lang.reflect.Constructor.newInstance(Unknown Source)
	at org.openqa.selenium.remote.ErrorHandler.createThrowable(ErrorHandler.java:206)
	at org.openqa.selenium.remote.ErrorHandler.throwIfResponseFailed(ErrorHandler.java:158)
	at org.openqa.selenium.remote.RemoteWebDriver.execute(RemoteWebDriver.java:678)
	at org.openqa.selenium.remote.RemoteWebDriver.findElement(RemoteWebDriver.java:363)
	at org.openqa.selenium.remote.RemoteWebDriver.findElementByXPath(RemoteWebDriver.java:500)
	at org.openqa.selenium.By$ByXPath.findElement(By.java:361)
	at org.openqa.selenium.remote.RemoteWebDriver.findElement(RemoteWebDriver.java:355)
	at com.jayanthi.automation.scripts.ExtentFailTest.gmailTest(ExtentFailTest.java:58)
	at sun.reflect.NativeMethodAccessorImpl.invoke0(Native Method)
	at sun.reflect.NativeMethodAccessorImpl.invoke(Unknown Source)
	at sun.reflect.DelegatingMethodAccessorImpl.invoke(Unknown Source)
	at java.lang.reflect.Method.invoke(Unknown Source)
	at org.testng.internal.MethodInvocationHelper.invokeMethod(MethodInvocationHelper.java:85)
	at org.testng.internal.Invoker.invokeMethod(Invoker.java:639)
	at org.testng.internal.Invoker.invokeTestMethod(Invoker.java:816)
	at org.testng.internal.Invoker.invokeTestMethods(Invoker.java:1124)
	at org.testng.internal.TestMethodWorker.invokeTestMethods(TestMethodWorker.java:125)
	at org.testng.internal.TestMethodWorker.run(TestMethodWorker.java:108)
	at org.testng.TestRunner.privateRun(TestRunner.java:774)
	at org.testng.TestRunner.run(TestRunner.java:624)
	at org.testng.SuiteRunner.runTest(SuiteRunner.java:359)
	at org.testng.SuiteRunner.runSequentially(SuiteRunner.java:354)
	at org.testng.SuiteRunner.privateRun(SuiteRunner.java:312)
	at org.testng.SuiteRunner.run(SuiteRunner.java:261)
	at org.testng.SuiteRunnerWorker.runSuite(SuiteRunnerWorker.java:52)
	at org.testng.SuiteRunnerWorker.run(SuiteRunnerWorker.java:86)
	at org.testng.TestNG.runSuitesSequentially(TestNG.java:1215)
	at org.testng.TestNG.runSuitesLocally(TestNG.java:1140)
	at org.testng.TestNG.run(TestNG.java:1048)
	at org.testng.remote.AbstractRemoteTestNG.run(AbstractRemoteTestNG.java:114)
	at org.testng.remote.RemoteTestNG.initAndRun(RemoteTestNG.java:251)
	at org.testng.remote.RemoteTestNG.main(RemoteTestNG.java:77)
]]>
            </full-stacktrace>
          </exception> <!-- org.openqa.selenium.NoSuchElementException -->
          <reporter-output>
          </reporter-output>
        </test-method> <!-- gmailTest -->
        <test-method status="PASS" signature="reportswithScreenShot(org.testng.ITestResult)[pri:0, instance:com.jayanthi.automation.scripts.ExtentFailTest@5622fdf]" name="reportswithScreenShot" is-config="true" duration-ms="919" started-at="2017-12-30T18:31:59Z" finished-at="2017-12-30T18:32:00Z">
          <params>
            <param index="0">
              <value>
                <![CDATA[[TestResult name=gmailTest status=FAILURE method=ExtentFailTest.gmailTest()[pri:0, instance:com.jayanthi.automation.scripts.ExtentFailTest@5622fdf] output={null}]]]>
              </value>
            </param>
          </params>
          <reporter-output>
          </reporter-output>
        </test-method> <!-- reportswithScreenShot -->
        <test-method status="PASS" signature="afterTest()[pri:0, instance:com.jayanthi.automation.scripts.ExtentFailTest@5622fdf]" name="afterTest" is-config="true" duration-ms="941" started-at="2017-12-30T18:32:00Z" finished-at="2017-12-30T18:32:01Z">
          <reporter-output>
          </reporter-output>
        </test-method> <!-- afterTest -->
      </class> <!-- com.jayanthi.automation.scripts.ExtentFailTest -->
    </test> <!-- Default test -->
  </suite> <!-- Default suite -->
</testng-results>
